<?xml version="1.0" encoding="UTF-8"?>
<!-- Generated by org.testng.reporters.JUnitXMLReporter -->
<testsuite ignored="0" hostname="LAPTOP-HJIGUCQE" failures="1" tests="9" name="MyTest" time="9.529" errors="0" timestamp="2022-03-17T20:24:40 IST">
  <testcase classname="com.simplilearn.testngselenium.SimpleTestNG" name="method1" time="0.004"/>
  <testcase classname="com.simplilearn.testngselenium.SimpleTestNG" name="method2" time="0.001"/>
  <testcase classname="com.simplilearn.testngselenium.TestNg1" name="testTrue" time="0.002"/>
  <testcase classname="com.simplilearn.testngselenium.FacebookTest" name="launchFb" time="0.781"/>
  <testcase classname="com.simplilearn.testngselenium.FacebookTest" name="login" time="1.091"/>
  <testcase classname="com.simplilearn.testngselenium.GroupTest" name="launchChrome" time="4.956"/>
  <testcase classname="com.simplilearn.testngselenium.GroupTest" name="launchFireFox" time="0.019">
    <failure type="org.openqa.selenium.WebDriverException" message="Cannot find firefox binary in PATH. Make sure firefox is installed. OS appears to be: WIN10
Build info: version: &amp;apos;4.1.2&amp;apos;, revision: &amp;apos;9a5a329c5a&amp;apos;
System info: host: &amp;apos;LAPTOP-HJIGUCQE&amp;apos;, ip: &amp;apos;192.168.0.5&amp;apos;, os.name: &amp;apos;Windows 10&amp;apos;, os.arch: &amp;apos;amd64&amp;apos;, os.version: &amp;apos;10.0&amp;apos;, java.version: &amp;apos;17.0.1&amp;apos;
Driver info: driver.version: FirefoxDriver">
      <![CDATA[org.openqa.selenium.WebDriverException: Cannot find firefox binary in PATH. Make sure firefox is installed. OS appears to be: WIN10
Build info: version: '4.1.2', revision: '9a5a329c5a'
System info: host: 'LAPTOP-HJIGUCQE', ip: '192.168.0.5', os.name: 'Windows 10', os.arch: 'amd64', os.version: '10.0', java.version: '17.0.1'
Driver info: driver.version: FirefoxDriver
at org.openqa.selenium.firefox.FirefoxBinary.<init>(FirefoxBinary.java:95)
at java.base/java.util.Optional.orElseGet(Optional.java:364)
at org.openqa.selenium.firefox.FirefoxOptions.getBinary(FirefoxOptions.java:189)
at org.openqa.selenium.firefox.GeckoDriverService$Builder.withOptions(GeckoDriverService.java:179)
at org.openqa.selenium.firefox.FirefoxDriver.toExecutor(FirefoxDriver.java:176)
at org.openqa.selenium.firefox.FirefoxDriver.<init>(FirefoxDriver.java:125)
at org.openqa.selenium.firefox.FirefoxDriver.<init>(FirefoxDriver.java:106)
at com.simplilearn.testngselenium.GroupTest.launchFireFox(GroupTest.java:42)
at java.base/java.util.ArrayList.forEach(ArrayList.java:1511)
... Removed 27 stack frames]]>
    </failure>
  </testcase> <!-- launchFireFox -->
  <testcase classname="com.simplilearn.testngselenium.GroupTest" name="login" time="0.175"/>
  <testcase classname="com.simplilearn.testngselenium.GroupTest" name="loginWithFirefox" time="0.001">
    <skipped/>
  </testcase> <!-- loginWithFirefox -->
</testsuite> <!-- MyTest -->
